c:\users\petra\documents\estudios\grado en ingeniería electrónica industrial y automática\3º curso\6º semestre\informática industrial y comunicaciones\laboratorio\práctica 6\tema8_inicial_2012_texturas\pang\tmp\debug\bonus.obj
c:\users\petra\documents\estudios\grado en ingeniería electrónica industrial y automática\3º curso\6º semestre\informática industrial y comunicaciones\laboratorio\práctica 6\tema8_inicial_2012_texturas\pang\tmp\debug\caja.obj
c:\users\petra\documents\estudios\grado en ingeniería electrónica industrial y automática\3º curso\6º semestre\informática industrial y comunicaciones\laboratorio\práctica 6\tema8_inicial_2012_texturas\pang\tmp\debug\colorrgb.obj
c:\users\petra\documents\estudios\grado en ingeniería electrónica industrial y automática\3º curso\6º semestre\informática industrial y comunicaciones\laboratorio\práctica 6\tema8_inicial_2012_texturas\pang\tmp\debug\disparo.obj
c:\users\petra\documents\estudios\grado en ingeniería electrónica industrial y automática\3º curso\6º semestre\informática industrial y comunicaciones\laboratorio\práctica 6\tema8_inicial_2012_texturas\pang\tmp\debug\disparoespecial.obj
c:\users\petra\documents\estudios\grado en ingeniería electrónica industrial y automática\3º curso\6º semestre\informática industrial y comunicaciones\laboratorio\práctica 6\tema8_inicial_2012_texturas\pang\tmp\debug\esfera.obj
c:\users\petra\documents\estudios\grado en ingeniería electrónica industrial y automática\3º curso\6º semestre\informática industrial y comunicaciones\laboratorio\práctica 6\tema8_inicial_2012_texturas\pang\tmp\debug\esferapulsante.obj
c:\users\petra\documents\estudios\grado en ingeniería electrónica industrial y automática\3º curso\6º semestre\informática industrial y comunicaciones\laboratorio\práctica 6\tema8_inicial_2012_texturas\pang\tmp\debug\hombre.obj
c:\users\petra\documents\estudios\grado en ingeniería electrónica industrial y automática\3º curso\6º semestre\informática industrial y comunicaciones\laboratorio\práctica 6\tema8_inicial_2012_texturas\pang\tmp\debug\interaccion.obj
c:\users\petra\documents\estudios\grado en ingeniería electrónica industrial y automática\3º curso\6º semestre\informática industrial y comunicaciones\laboratorio\práctica 6\tema8_inicial_2012_texturas\pang\tmp\debug\listadisparos.obj
c:\users\petra\documents\estudios\grado en ingeniería electrónica industrial y automática\3º curso\6º semestre\informática industrial y comunicaciones\laboratorio\práctica 6\tema8_inicial_2012_texturas\pang\tmp\debug\listaesferas.obj
c:\users\petra\documents\estudios\grado en ingeniería electrónica industrial y automática\3º curso\6º semestre\informática industrial y comunicaciones\laboratorio\práctica 6\tema8_inicial_2012_texturas\pang\tmp\debug\mundo.obj
c:\users\petra\documents\estudios\grado en ingeniería electrónica industrial y automática\3º curso\6º semestre\informática industrial y comunicaciones\laboratorio\práctica 6\tema8_inicial_2012_texturas\pang\tmp\debug\objetomovil.obj
c:\users\petra\documents\estudios\grado en ingeniería electrónica industrial y automática\3º curso\6º semestre\informática industrial y comunicaciones\laboratorio\práctica 6\tema8_inicial_2012_texturas\pang\tmp\debug\pang.obj
c:\users\petra\documents\estudios\grado en ingeniería electrónica industrial y automática\3º curso\6º semestre\informática industrial y comunicaciones\laboratorio\práctica 6\tema8_inicial_2012_texturas\pang\tmp\debug\pared.obj
c:\users\petra\documents\estudios\grado en ingeniería electrónica industrial y automática\3º curso\6º semestre\informática industrial y comunicaciones\laboratorio\práctica 6\tema8_inicial_2012_texturas\pang\tmp\debug\vector2d.obj
c:\users\petra\documents\estudios\grado en ingeniería electrónica industrial y automática\3º curso\6º semestre\informática industrial y comunicaciones\laboratorio\práctica 6\tema8_inicial_2012_texturas\pang\tmp\debug\vc110.pdb
c:\users\petra\documents\estudios\grado en ingeniería electrónica industrial y automática\4º curso\segundo cuatrimestre\informática industrial y comunicaciones\laboratorio\práctica 6\tema8_inicial_2012_texturas\pang\tmp\debug\bonus.obj
c:\users\petra\documents\estudios\grado en ingeniería electrónica industrial y automática\4º curso\segundo cuatrimestre\informática industrial y comunicaciones\laboratorio\práctica 6\tema8_inicial_2012_texturas\pang\tmp\debug\caja.obj
c:\users\petra\documents\estudios\grado en ingeniería electrónica industrial y automática\4º curso\segundo cuatrimestre\informática industrial y comunicaciones\laboratorio\práctica 6\tema8_inicial_2012_texturas\pang\tmp\debug\colorrgb.obj
c:\users\petra\documents\estudios\grado en ingeniería electrónica industrial y automática\4º curso\segundo cuatrimestre\informática industrial y comunicaciones\laboratorio\práctica 6\tema8_inicial_2012_texturas\pang\tmp\debug\disparo.obj
c:\users\petra\documents\estudios\grado en ingeniería electrónica industrial y automática\4º curso\segundo cuatrimestre\informática industrial y comunicaciones\laboratorio\práctica 6\tema8_inicial_2012_texturas\pang\tmp\debug\disparoespecial.obj
c:\users\petra\documents\estudios\grado en ingeniería electrónica industrial y automática\4º curso\segundo cuatrimestre\informática industrial y comunicaciones\laboratorio\práctica 6\tema8_inicial_2012_texturas\pang\tmp\debug\esfera.obj
c:\users\petra\documents\estudios\grado en ingeniería electrónica industrial y automática\4º curso\segundo cuatrimestre\informática industrial y comunicaciones\laboratorio\práctica 6\tema8_inicial_2012_texturas\pang\tmp\debug\esferapulsante.obj
c:\users\petra\documents\estudios\grado en ingeniería electrónica industrial y automática\4º curso\segundo cuatrimestre\informática industrial y comunicaciones\laboratorio\práctica 6\tema8_inicial_2012_texturas\pang\tmp\debug\hombre.obj
c:\users\petra\documents\estudios\grado en ingeniería electrónica industrial y automática\4º curso\segundo cuatrimestre\informática industrial y comunicaciones\laboratorio\práctica 6\tema8_inicial_2012_texturas\pang\tmp\debug\interaccion.obj
c:\users\petra\documents\estudios\grado en ingeniería electrónica industrial y automática\4º curso\segundo cuatrimestre\informática industrial y comunicaciones\laboratorio\práctica 6\tema8_inicial_2012_texturas\pang\tmp\debug\listadisparos.obj
c:\users\petra\documents\estudios\grado en ingeniería electrónica industrial y automática\4º curso\segundo cuatrimestre\informática industrial y comunicaciones\laboratorio\práctica 6\tema8_inicial_2012_texturas\pang\tmp\debug\listaesferas.obj
c:\users\petra\documents\estudios\grado en ingeniería electrónica industrial y automática\4º curso\segundo cuatrimestre\informática industrial y comunicaciones\laboratorio\práctica 6\tema8_inicial_2012_texturas\pang\tmp\debug\mundo.obj
c:\users\petra\documents\estudios\grado en ingeniería electrónica industrial y automática\4º curso\segundo cuatrimestre\informática industrial y comunicaciones\laboratorio\práctica 6\tema8_inicial_2012_texturas\pang\tmp\debug\objetomovil.obj
c:\users\petra\documents\estudios\grado en ingeniería electrónica industrial y automática\4º curso\segundo cuatrimestre\informática industrial y comunicaciones\laboratorio\práctica 6\tema8_inicial_2012_texturas\pang\tmp\debug\pang.obj
c:\users\petra\documents\estudios\grado en ingeniería electrónica industrial y automática\4º curso\segundo cuatrimestre\informática industrial y comunicaciones\laboratorio\práctica 6\tema8_inicial_2012_texturas\pang\tmp\debug\pared.obj
c:\users\petra\documents\estudios\grado en ingeniería electrónica industrial y automática\4º curso\segundo cuatrimestre\informática industrial y comunicaciones\laboratorio\práctica 6\tema8_inicial_2012_texturas\pang\tmp\debug\vector2d.obj
c:\users\petra\documents\estudios\grado en ingeniería electrónica industrial y automática\4º curso\segundo cuatrimestre\informática industrial y comunicaciones\laboratorio\práctica 6\tema8_inicial_2012_texturas\pang\tmp\debug\vc110.pdb
c:\users\petra\documents\estudios\grado en ingeniería electrónica industrial y automática\3º curso\6º semestre\informática industrial y comunicaciones\laboratorio\práctica 6\tema8_inicial_2012_texturas\pang\bin\pang.ilk
c:\users\petra\documents\estudios\grado en ingeniería electrónica industrial y automática\3º curso\6º semestre\informática industrial y comunicaciones\laboratorio\práctica 6\tema8_inicial_2012_texturas\pang\bin\pang.exe
c:\users\petra\documents\estudios\grado en ingeniería electrónica industrial y automática\3º curso\6º semestre\informática industrial y comunicaciones\laboratorio\práctica 6\tema8_inicial_2012_texturas\pang\bin\pang.pdb
c:\users\petra\documents\estudios\grado en ingeniería electrónica industrial y automática\4º curso\segundo cuatrimestre\informática industrial y comunicaciones\laboratorio\práctica 6\tema8_inicial_2012_texturas\pang\bin\pang.ilk
c:\users\petra\documents\estudios\grado en ingeniería electrónica industrial y automática\4º curso\segundo cuatrimestre\informática industrial y comunicaciones\laboratorio\práctica 6\tema8_inicial_2012_texturas\pang\bin\pang.exe
c:\users\petra\documents\estudios\grado en ingeniería electrónica industrial y automática\4º curso\segundo cuatrimestre\informática industrial y comunicaciones\laboratorio\práctica 6\tema8_inicial_2012_texturas\pang\bin\pang.pdb
c:\users\chris\onedrive\escritorio\cuarto curso\2 semestre\informática industrial\nueva carpeta\tmp\debug\vc142.pdb
c:\users\chris\onedrive\escritorio\cuarto curso\2 semestre\informática industrial\nueva carpeta\tmp\debug\vc142.idb
c:\users\chris\onedrive\escritorio\cuarto curso\2 semestre\informática industrial\nueva carpeta\tmp\debug\vector2d.obj
c:\users\chris\onedrive\escritorio\cuarto curso\2 semestre\informática industrial\nueva carpeta\tmp\debug\pared.obj
c:\users\chris\onedrive\escritorio\cuarto curso\2 semestre\informática industrial\nueva carpeta\tmp\debug\pang.obj
c:\users\chris\onedrive\escritorio\cuarto curso\2 semestre\informática industrial\nueva carpeta\tmp\debug\obstaculo.obj
c:\users\chris\onedrive\escritorio\cuarto curso\2 semestre\informática industrial\nueva carpeta\tmp\debug\objetomovil.obj
c:\users\chris\onedrive\escritorio\cuarto curso\2 semestre\informática industrial\nueva carpeta\tmp\debug\mundo.obj
c:\users\chris\onedrive\escritorio\cuarto curso\2 semestre\informática industrial\nueva carpeta\tmp\debug\listaobstaculo.obj
c:\users\chris\onedrive\escritorio\cuarto curso\2 semestre\informática industrial\nueva carpeta\tmp\debug\listaesferas.obj
c:\users\chris\onedrive\escritorio\cuarto curso\2 semestre\informática industrial\nueva carpeta\tmp\debug\listadisparos.obj
c:\users\chris\onedrive\escritorio\cuarto curso\2 semestre\informática industrial\nueva carpeta\tmp\debug\listabonus.obj
c:\users\chris\onedrive\escritorio\cuarto curso\2 semestre\informática industrial\nueva carpeta\tmp\debug\interaccion.obj
c:\users\chris\onedrive\escritorio\cuarto curso\2 semestre\informática industrial\nueva carpeta\tmp\debug\hombre.obj
c:\users\chris\onedrive\escritorio\cuarto curso\2 semestre\informática industrial\nueva carpeta\tmp\debug\esferapulsante.obj
c:\users\chris\onedrive\escritorio\cuarto curso\2 semestre\informática industrial\nueva carpeta\tmp\debug\esfera.obj
c:\users\chris\onedrive\escritorio\cuarto curso\2 semestre\informática industrial\nueva carpeta\tmp\debug\disparoespecial.obj
c:\users\chris\onedrive\escritorio\cuarto curso\2 semestre\informática industrial\nueva carpeta\tmp\debug\disparo.obj
c:\users\chris\onedrive\escritorio\cuarto curso\2 semestre\informática industrial\nueva carpeta\tmp\debug\coordinador.obj
c:\users\chris\onedrive\escritorio\cuarto curso\2 semestre\informática industrial\nueva carpeta\tmp\debug\colorrgb.obj
c:\users\chris\onedrive\escritorio\cuarto curso\2 semestre\informática industrial\nueva carpeta\tmp\debug\caja.obj
c:\users\chris\onedrive\escritorio\cuarto curso\2 semestre\informática industrial\nueva carpeta\tmp\debug\bonus.obj
c:\users\chris\onedrive\escritorio\cuarto curso\2 semestre\informática industrial\nueva carpeta\tmp\debug\vida.obj
c:\users\chris\onedrive\escritorio\cuarto curso\2 semestre\informática industrial\nueva carpeta\bin\pang.exe
c:\users\chris\onedrive\escritorio\cuarto curso\2 semestre\informática industrial\nueva carpeta\bin\pang.ilk
c:\users\chris\onedrive\escritorio\cuarto curso\2 semestre\informática industrial\nueva carpeta\bin\pang.pdb
c:\users\chris\onedrive\escritorio\cuarto curso\2 semestre\informática industrial\nueva carpeta\tmp\debug\mundo.obj.enc
c:\users\chris\onedrive\escritorio\cuarto curso\2 semestre\informática industrial\nueva carpeta\tmp\debug\cl.command.1.tlog
c:\users\chris\onedrive\escritorio\cuarto curso\2 semestre\informática industrial\nueva carpeta\tmp\debug\cl.read.1.tlog
c:\users\chris\onedrive\escritorio\cuarto curso\2 semestre\informática industrial\nueva carpeta\tmp\debug\cl.write.1.tlog
c:\users\chris\onedrive\escritorio\cuarto curso\2 semestre\informática industrial\nueva carpeta\tmp\debug\link-cvtres.read.1.tlog
c:\users\chris\onedrive\escritorio\cuarto curso\2 semestre\informática industrial\nueva carpeta\tmp\debug\link-cvtres.write.1.tlog
c:\users\chris\onedrive\escritorio\cuarto curso\2 semestre\informática industrial\nueva carpeta\tmp\debug\link-rc.read.1.tlog
c:\users\chris\onedrive\escritorio\cuarto curso\2 semestre\informática industrial\nueva carpeta\tmp\debug\link-rc.write.1.tlog
c:\users\chris\onedrive\escritorio\cuarto curso\2 semestre\informática industrial\nueva carpeta\tmp\debug\link.1844-cvtres.read.1.tlog
c:\users\chris\onedrive\escritorio\cuarto curso\2 semestre\informática industrial\nueva carpeta\tmp\debug\link.1844-cvtres.write.1.tlog
c:\users\chris\onedrive\escritorio\cuarto curso\2 semestre\informática industrial\nueva carpeta\tmp\debug\link.1844-rc.read.1.tlog
c:\users\chris\onedrive\escritorio\cuarto curso\2 semestre\informática industrial\nueva carpeta\tmp\debug\link.1844-rc.write.1.tlog
c:\users\chris\onedrive\escritorio\cuarto curso\2 semestre\informática industrial\nueva carpeta\tmp\debug\link.1844.read.1.tlog
c:\users\chris\onedrive\escritorio\cuarto curso\2 semestre\informática industrial\nueva carpeta\tmp\debug\link.1844.write.1.tlog
c:\users\chris\onedrive\escritorio\cuarto curso\2 semestre\informática industrial\nueva carpeta\tmp\debug\link.command.1.tlog
c:\users\chris\onedrive\escritorio\cuarto curso\2 semestre\informática industrial\nueva carpeta\tmp\debug\link.read.1.tlog
c:\users\chris\onedrive\escritorio\cuarto curso\2 semestre\informática industrial\nueva carpeta\tmp\debug\link.write.1.tlog
c:\users\chris\onedrive\escritorio\cuarto curso\2 semestre\informática industrial\nueva carpeta\tmp\debug\vc110.idb
c:\users\chris\onedrive\escritorio\cuarto curso\2 semestre\informática industrial\nueva carpeta\tmp\debug\vc110.pdb
c:\users\chris\onedrive\escritorio\cuarto curso\2 semestre\informática industrial\nueva carpeta\tmp\debug\pang.tlog\cl.command.1.tlog
c:\users\chris\onedrive\escritorio\cuarto curso\2 semestre\informática industrial\nueva carpeta\tmp\debug\pang.tlog\cl.read.1.tlog
c:\users\chris\onedrive\escritorio\cuarto curso\2 semestre\informática industrial\nueva carpeta\tmp\debug\pang.tlog\cl.write.1.tlog
c:\users\chris\onedrive\escritorio\cuarto curso\2 semestre\informática industrial\nueva carpeta\tmp\debug\pang.tlog\link.command.1.tlog
c:\users\chris\onedrive\escritorio\cuarto curso\2 semestre\informática industrial\nueva carpeta\tmp\debug\pang.tlog\link.delete.1.tlog
c:\users\chris\onedrive\escritorio\cuarto curso\2 semestre\informática industrial\nueva carpeta\tmp\debug\pang.tlog\link.read.1.tlog
c:\users\chris\onedrive\escritorio\cuarto curso\2 semestre\informática industrial\nueva carpeta\tmp\debug\pang.tlog\link.write.1.tlog
